  Div.cpp
C:\Users\Atoris\source\repos\Hydrus\Hydrus\Div.cpp(40,27): warning C4267: '=': conversion from 'size_t' to 'int', possible loss of data
C:\Users\Atoris\source\repos\Hydrus\Hydrus\Div.cpp(135,16): warning C4244: 'initializing': conversion from 'int' to 'float', possible loss of data
  DropDownMenu.cpp
  Grid.cpp
C:\Users\Atoris\source\repos\Hydrus\Hydrus\Div.cpp(179,16): warning C4244: 'initializing': conversion from 'int' to 'float', possible loss of data
C:\Users\Atoris\source\repos\Hydrus\Hydrus\Grid.cpp(85,31): warning C4267: '=': conversion from 'size_t' to 'int', possible loss of data
C:\Users\Atoris\source\repos\Hydrus\Hydrus\Grid.cpp(121,31): warning C4267: '=': conversion from 'size_t' to 'int', possible loss of data
C:\Users\Atoris\source\repos\Hydrus\Hydrus\Grid.cpp(148,31): warning C4267: '=': conversion from 'size_t' to 'int', possible loss of data
C:\Users\Atoris\source\repos\Hydrus\Hydrus\Grid.cpp(158,79): warning C4267: 'argument': conversion from 'size_t' to 'int', possible loss of data
C:\Users\Atoris\source\repos\Hydrus\Hydrus\Grid.cpp(167,26): warning C4267: '=': conversion from 'size_t' to 'int', possible loss of data
C:\Users\Atoris\source\repos\Hydrus\Hydrus\Grid.cpp(188,21): warning C4244: 'initializing': conversion from 'double' to 'int', possible loss of data
C:\Users\Atoris\source\repos\Hydrus\Hydrus\Grid.cpp(249,24): warning C4244: '+=': conversion from 'float' to 'int', possible loss of data
C:\Users\Atoris\source\repos\Hydrus\Hydrus\Grid.cpp(252,24): warning C4244: '+=': conversion from 'float' to 'int', possible loss of data
C:\Users\Atoris\source\repos\Hydrus\Hydrus\Grid.cpp(254,27): warning C4244: '+=': conversion from 'float' to 'int', possible loss of data
C:\Users\Atoris\source\repos\Hydrus\Hydrus\Grid.cpp(258,20): warning C4244: 'initializing': conversion from 'double' to 'int', possible loss of data
C:\Users\Atoris\source\repos\Hydrus\Hydrus\Grid.cpp(360,26): warning C4267: 'initializing': conversion from 'size_t' to 'int', possible loss of data
C:\Users\Atoris\source\repos\Hydrus\Hydrus\Grid.cpp(368,27): warning C4267: 'initializing': conversion from 'size_t' to 'int', possible loss of data
  Grid.hpp
  Hydrus.cpp
C:\Users\Atoris\source\repos\Hydrus\Hydrus\Grid.cpp(412,14): warning C4244: 'initializing': conversion from 'double' to 'int', possible loss of data
C:\Users\Atoris\source\repos\Hydrus\Hydrus\ViewImage.cpp(62,32): warning C4244: '=': conversion from 'float' to 'int', possible loss of data
  HydrusCall.cpp
C:\Users\Atoris\source\repos\Hydrus\Hydrus\ViewImage.cpp(63,34): warning C4244: '=': conversion from 'float' to 'int', possible loss of data
C:\Users\Atoris\source\repos\Hydrus\Hydrus\HydrusCall.cpp(155,6): warning C4101: 'iResult': unreferenced local variable
C:\Users\Atoris\source\repos\Hydrus\Hydrus\HydrusCall.cpp(351,25): warning C4267: 'initializing': conversion from 'size_t' to 'int', possible loss of data
C:\Users\Atoris\source\repos\Hydrus\Hydrus\HydrusCall.cpp(418,25): warning C4267: 'initializing': conversion from 'size_t' to 'int', possible loss of data
C:\Users\Atoris\source\repos\Hydrus\Hydrus\HydrusCall.cpp(457,36): warning C4267: '=': conversion from 'size_t' to 'int', possible loss of data
C:\Users\Atoris\source\repos\Hydrus\Hydrus\HydrusCall.cpp(483,30): warning C4267: 'initializing': conversion from 'size_t' to 'int', possible loss of data
C:\Users\Atoris\source\repos\Hydrus\Hydrus\HydrusCall.cpp(509,25): warning C4267: 'initializing': conversion from 'size_t' to 'int', possible loss of data
  Image.cpp
C:\Users\Atoris\source\repos\Hydrus\Hydrus\HydrusCall.cpp(541,25): warning C4267: 'initializing': conversion from 'size_t' to 'int', possible loss of data
  LTimer.cpp
  MovableImage.cpp
  MovableRect.cpp
C:\Users\Atoris\source\repos\Hydrus\Hydrus\Image.cpp(48,27): warning C4267: 'initializing': conversion from 'size_t' to 'int', possible loss of data
C:\Users\Atoris\source\repos\Hydrus\Hydrus\MovableRect.cpp(22,17): warning C4244: 'initializing': conversion from 'int' to 'float', possible loss of data
C:\Users\Atoris\source\repos\Hydrus\Hydrus\MovableRect.cpp(23,17): warning C4244: 'initializing': conversion from 'int' to 'float', possible loss of data
C:\Users\Atoris\source\repos\Hydrus\Hydrus\MovableRect.cpp(60,17): warning C4244: 'initializing': conversion from 'int' to 'float', possible loss of data
C:\Users\Atoris\source\repos\Hydrus\Hydrus\MovableRect.cpp(61,17): warning C4244: 'initializing': conversion from 'int' to 'float', possible loss of data
C:\Users\Atoris\source\repos\Hydrus\Hydrus\MovableRect.cpp(75,18): warning C4244: '+=': conversion from 'float' to 'int', possible loss of data
C:\Users\Atoris\source\repos\Hydrus\Hydrus\MovableRect.cpp(76,21): warning C4244: '+=': conversion from 'float' to 'int', possible loss of data
C:\Users\Atoris\source\repos\Hydrus\Hydrus\MovableRect.cpp(90,18): warning C4244: '+=': conversion from 'float' to 'int', possible loss of data
C:\Users\Atoris\source\repos\Hydrus\Hydrus\MovableRect.cpp(91,21): warning C4244: '+=': conversion from 'float' to 'int', possible loss of data
C:\Users\Atoris\source\repos\Hydrus\Hydrus\MovableRect.cpp(105,25): warning C4244: '+=': conversion from 'float' to 'int', possible loss of data
C:\Users\Atoris\source\repos\Hydrus\Hydrus\MovableRect.cpp(106,28): warning C4244: '+=': conversion from 'float' to 'int', possible loss of data
C:\Users\Atoris\source\repos\Hydrus\Hydrus\MovableRect.cpp(120,25): warning C4244: '+=': conversion from 'float' to 'int', possible loss of data
  NavBar.cpp
C:\Users\Atoris\source\repos\Hydrus\Hydrus\MovableRect.cpp(121,28): warning C4244: '+=': conversion from 'float' to 'int', possible loss of data
C:\Users\Atoris\source\repos\Hydrus\Hydrus\NavBar.cpp(94,40): warning C4267: 'argument': conversion from 'size_t' to 'int', possible loss of data
  RadioButton.cpp
  RenderWindow.cpp
  SearchBox.cpp
C:\Users\Atoris\source\repos\Hydrus\Hydrus\NavBar.cpp(95,61): warning C4267: 'argument': conversion from 'size_t' to 'int', possible loss of data
C:\Users\Atoris\source\repos\Hydrus\Hydrus\SearchBox.cpp(45,44): warning C4267: '+=': conversion from 'size_t' to 'int', possible loss of data
  SettingsView.cpp
C:\Users\Atoris\source\repos\Hydrus\Hydrus\SearchBox.cpp(66,35): warning C4267: 'argument': conversion from 'size_t' to 'int', possible loss of data
C:\Users\Atoris\source\repos\Hydrus\Hydrus\SettingsView.cpp(277,20): warning C4244: '+=': conversion from 'float' to 'int', possible loss of data
C:\Users\Atoris\source\repos\Hydrus\Hydrus\SettingsView.cpp(283,24): warning C4244: '+=': conversion from 'float' to 'int', possible loss of data
C:\Users\Atoris\source\repos\Hydrus\Hydrus\SettingsView.cpp(286,16): warning C4244: '+=': conversion from 'float' to 'int', possible loss of data
C:\Users\Atoris\source\repos\Hydrus\Hydrus\SettingsView.cpp(308,19): warning C4244: '+=': conversion from 'float' to 'int', possible loss of data
C:\Users\Atoris\source\repos\Hydrus\Hydrus\SettingsView.cpp(314,24): warning C4244: '+=': conversion from 'float' to 'int', possible loss of data
  Tag.cpp
  TextBox.cpp
C:\Users\Atoris\source\repos\Hydrus\Hydrus\SettingsView.cpp(316,16): warning C4244: '+=': conversion from 'float' to 'int', possible loss of data
C:\Users\Atoris\source\repos\Hydrus\Hydrus\TextBox.cpp(110,34): warning C4267: 'argument': conversion from 'size_t' to 'int', possible loss of data
C:\Users\Atoris\source\repos\Hydrus\Hydrus\TextBox.cpp(296,15): warning C4244: '=': conversion from 'int' to 'float', possible loss of data
C:\Users\Atoris\source\repos\Hydrus\Hydrus\TextBox.cpp(297,15): warning C4244: '=': conversion from 'int' to 'float', possible loss of data
C:\Users\Atoris\source\repos\Hydrus\Hydrus\TextBox.cpp(307,16): warning C4244: '=': conversion from 'int' to 'float', possible loss of data
C:\Users\Atoris\source\repos\Hydrus\Hydrus\TextBox.cpp(308,16): warning C4244: '=': conversion from 'int' to 'float', possible loss of data
C:\Users\Atoris\source\repos\Hydrus\Hydrus\TextBox.cpp(322,13): warning C4244: 'initializing': conversion from 'float' to 'int', possible loss of data
C:\Users\Atoris\source\repos\Hydrus\Hydrus\TextBox.cpp(327,18): warning C4244: '+=': conversion from 'float' to 'int', possible loss of data
C:\Users\Atoris\source\repos\Hydrus\Hydrus\TextBox.cpp(329,15): warning C4244: '+=': conversion from 'float' to 'int', possible loss of data
C:\Users\Atoris\source\repos\Hydrus\Hydrus\TextBox.cpp(346,18): warning C4244: '+=': conversion from 'float' to 'int', possible loss of data
C:\Users\Atoris\source\repos\Hydrus\Hydrus\TextBox.cpp(348,15): warning C4244: '+=': conversion from 'float' to 'int', possible loss of data
  TextPredictionEngine.cpp
C:\Users\Atoris\source\repos\Hydrus\Hydrus\TextBox.cpp(431,20): warning C4267: 'return': conversion from 'size_t' to 'int', possible loss of data
C:\Users\Atoris\source\repos\Hydrus\Hydrus\TextPredictionEngine.cpp(29,38): warning C4267: 'initializing': conversion from 'size_t' to 'int', possible loss of data
  User.cpp
  Utils.cpp
C:\Users\Atoris\source\repos\Hydrus\Hydrus\TextPredictionEngine.cpp(33,86): warning C4267: '=': conversion from 'size_t' to 'int', possible loss of data
C:\Users\Atoris\source\repos\Hydrus\Hydrus\Utils.cpp(20,16): warning C4267: '=': conversion from 'size_t' to 'int', possible loss of data
C:\Users\Atoris\source\repos\Hydrus\Hydrus\Utils.cpp(41,17): warning C4244: 'initializing': conversion from 'double' to 'float', possible loss of data
C:\Users\Atoris\source\repos\Hydrus\Hydrus\ViewImage.cpp(62,32): warning C4244: '=': conversion from 'float' to 'int', possible loss of data
C:\Users\Atoris\source\repos\Hydrus\Hydrus\ViewImage.cpp(63,34): warning C4244: '=': conversion from 'float' to 'int', possible loss of data
C:\Users\Atoris\source\repos\Hydrus\Hydrus\Utils.cpp(101,13): warning C4244: 'initializing': conversion from '__int64' to 'int', possible loss of data
C:\Users\Atoris\source\repos\Hydrus\Hydrus\Utils.cpp(145,35): warning C4267: '=': conversion from 'size_t' to 'int', possible loss of data
C:\Users\Atoris\source\repos\Hydrus\Hydrus\Utils.cpp(156,35): warning C4267: '=': conversion from 'size_t' to 'int', possible loss of data
  Compiling...
  ViewImage.cpp
C:\Users\Atoris\source\repos\Hydrus\Hydrus\Utils.cpp(166,35): warning C4267: '=': conversion from 'size_t' to 'int', possible loss of data
C:\Users\Atoris\source\repos\Hydrus\Hydrus\ViewImage.cpp(62,32): warning C4244: '=': conversion from 'float' to 'int', possible loss of data
C:\Users\Atoris\source\repos\Hydrus\Hydrus\ViewImage.cpp(63,34): warning C4244: '=': conversion from 'float' to 'int', possible loss of data
x64\Release\Grid.obj : warning LNK4042: object specified more than once; extras ignored
  Generating code
  Previous IPDB not found, fall back to full compilation.
C:\Users\Atoris\source\repos\Hydrus\Hydrus\SettingsView.cpp(478): warning C4715: 'SettingsView::handleClick': not all control paths return a value
C:\Users\Atoris\source\repos\Hydrus\Hydrus\Utils.cpp(124): warning C4715: 'callImageFavorite': not all control paths return a value
C:\Users\Atoris\source\repos\Hydrus\Hydrus\Utils.cpp(91): warning C4715: 'callImageSave': not all control paths return a value
C:\Users\Atoris\source\repos\Hydrus\Hydrus\Utils.cpp(78): warning C4715: 'callImageDelete': not all control paths return a value
  All 3861 functions were compiled because no usable IPDB/IOBJ from previous compilation was found.
  Finished generating code
  Hydrus.vcxproj -> C:\Users\Atoris\source\repos\Hydrus\x64\Release\Hydrus.exe
