c:\users\atoris\source\repos\hydrus\hydrus\x64\release\vc142.pdb
c:\users\atoris\source\repos\hydrus\hydrus\x64\release\utils.obj
c:\users\atoris\source\repos\hydrus\hydrus\x64\release\user.obj
c:\users\atoris\source\repos\hydrus\hydrus\x64\release\textpredictionengine.obj
c:\users\atoris\source\repos\hydrus\hydrus\x64\release\textbox.obj
c:\users\atoris\source\repos\hydrus\hydrus\x64\release\tag.obj
c:\users\atoris\source\repos\hydrus\hydrus\x64\release\settingsview.obj
c:\users\atoris\source\repos\hydrus\hydrus\x64\release\searchbox.obj
c:\users\atoris\source\repos\hydrus\hydrus\x64\release\renderwindow.obj
c:\users\atoris\source\repos\hydrus\hydrus\x64\release\radiobutton.obj
c:\users\atoris\source\repos\hydrus\hydrus\x64\release\navbar.obj
c:\users\atoris\source\repos\hydrus\hydrus\x64\release\movablerect.obj
c:\users\atoris\source\repos\hydrus\hydrus\x64\release\movableimage.obj
c:\users\atoris\source\repos\hydrus\hydrus\x64\release\ltimer.obj
c:\users\atoris\source\repos\hydrus\hydrus\x64\release\image.obj
c:\users\atoris\source\repos\hydrus\hydrus\x64\release\hydruscall.obj
c:\users\atoris\source\repos\hydrus\hydrus\x64\release\hydrus.obj
c:\users\atoris\source\repos\hydrus\hydrus\x64\release\grid.obj
c:\users\atoris\source\repos\hydrus\hydrus\x64\release\dropdownmenu.obj
c:\users\atoris\source\repos\hydrus\hydrus\x64\release\div.obj
c:\users\atoris\source\repos\hydrus\hydrus\x64\release\viewimage.obj
c:\users\atoris\source\repos\hydrus\x64\release\hydrus.ipdb
c:\users\atoris\source\repos\hydrus\x64\release\hydrus.iobj
c:\users\atoris\source\repos\hydrus\x64\release\hydrus.pdb
c:\users\atoris\source\repos\hydrus\hydrus\x64\release\hydrus.tlog\cl.command.1.tlog
c:\users\atoris\source\repos\hydrus\hydrus\x64\release\hydrus.tlog\cl.read.1.tlog
c:\users\atoris\source\repos\hydrus\hydrus\x64\release\hydrus.tlog\cl.write.1.tlog
c:\users\atoris\source\repos\hydrus\hydrus\x64\release\hydrus.tlog\hydrus.write.1u.tlog
c:\users\atoris\source\repos\hydrus\hydrus\x64\release\hydrus.tlog\link.command.1.tlog
c:\users\atoris\source\repos\hydrus\hydrus\x64\release\hydrus.tlog\link.delete.1.tlog
c:\users\atoris\source\repos\hydrus\hydrus\x64\release\hydrus.tlog\link.read.1.tlog
c:\users\atoris\source\repos\hydrus\hydrus\x64\release\hydrus.tlog\link.write.1.tlog
