LINK : warning LNK4075: ignoring '/INCREMENTAL' due to '/PROFILE' specification
Grid.obj : warning LNK4075: ignoring '/EDITANDCONTINUE' due to '/OPT:REF' specification
x64\Debug\Grid.obj : warning LNK4042: object specified more than once; extras ignored
Grid.obj : error LNK2019: unresolved external symbol SDL_QueryTexture referenced in function "private: void __cdecl Grid::FitRectsToImages(int)" (?FitRectsToImages@Grid@@AEAAXH@Z)
Hydrus.obj : error LNK2001: unresolved external symbol SDL_QueryTexture
SearchBox.obj : error LNK2001: unresolved external symbol SDL_QueryTexture
TextBox.obj : error LNK2001: unresolved external symbol SDL_QueryTexture
TextBox.obj : error LNK2001: unresolved external symbol SDL_SetRenderDrawColor
Grid.obj : error LNK2001: unresolved external symbol SDL_SetRenderDrawColor
NavBar.obj : error LNK2001: unresolved external symbol SDL_SetRenderDrawColor
SearchBox.obj : error LNK2001: unresolved external symbol SDL_SetRenderDrawColor
SettingsView.obj : error LNK2001: unresolved external symbol SDL_SetRenderDrawColor
Grid.obj : error LNK2019: unresolved external symbol SDL_RenderDrawRect referenced in function "public: void __cdecl Grid::renderThumbs(void)" (?renderThumbs@Grid@@QEAAXXZ)
TextBox.obj : error LNK2001: unresolved external symbol SDL_RenderFillRect
Grid.obj : error LNK2001: unresolved external symbol SDL_RenderFillRect
NavBar.obj : error LNK2001: unresolved external symbol SDL_RenderFillRect
SearchBox.obj : error LNK2001: unresolved external symbol SDL_RenderFillRect
SettingsView.obj : error LNK2001: unresolved external symbol SDL_RenderFillRect
TextBox.obj : error LNK2001: unresolved external symbol SDL_RenderCopy
Grid.obj : error LNK2001: unresolved external symbol SDL_RenderCopy
Hydrus.obj : error LNK2001: unresolved external symbol SDL_RenderCopy
SearchBox.obj : error LNK2001: unresolved external symbol SDL_RenderCopy
SettingsView.obj : error LNK2001: unresolved external symbol SDL_RenderCopy
Hydrus.obj : error LNK2019: unresolved external symbol SDL_GetError referenced in function SDL_main
RenderWindow.obj : error LNK2001: unresolved external symbol SDL_GetError
Hydrus.obj : error LNK2019: unresolved external symbol SDL_GetModState referenced in function SDL_main
Hydrus.obj : error LNK2019: unresolved external symbol SDL_GetMouseState referenced in function SDL_main
Hydrus.obj : error LNK2019: unresolved external symbol SDL_PollEvent referenced in function SDL_main
Hydrus.obj : error LNK2019: unresolved external symbol SDL_RenderClear referenced in function SDL_main
Hydrus.obj : error LNK2019: unresolved external symbol SDL_RenderPresent referenced in function SDL_main
Hydrus.obj : error LNK2019: unresolved external symbol SDL_Init referenced in function SDL_main
Hydrus.obj : error LNK2019: unresolved external symbol SDL_Quit referenced in function SDL_main
Hydrus.obj : error LNK2019: unresolved external symbol IMG_Quit referenced in function SDL_main
Image.obj : error LNK2019: unresolved external symbol SDL_FreeSurface referenced in function "public: __cdecl Image::~Image(void)" (??1Image@@QEAA@XZ)
SettingsView.obj : error LNK2001: unresolved external symbol SDL_FreeSurface
Tag.obj : error LNK2001: unresolved external symbol SDL_FreeSurface
TextBox.obj : error LNK2001: unresolved external symbol SDL_FreeSurface
Image.obj : error LNK2019: unresolved external symbol SDL_CreateTextureFromSurface referenced in function "public: void __cdecl Image::BuildFileTexture(struct SDL_Renderer *)" (?BuildFileTexture@Image@@QEAAXPEAUSDL_Renderer@@@Z)
SettingsView.obj : error LNK2001: unresolved external symbol SDL_CreateTextureFromSurface
Tag.obj : error LNK2001: unresolved external symbol SDL_CreateTextureFromSurface
TextBox.obj : error LNK2001: unresolved external symbol SDL_CreateTextureFromSurface
Image.obj : error LNK2019: unresolved external symbol SDL_DestroyTexture referenced in function "public: __cdecl Image::~Image(void)" (??1Image@@QEAA@XZ)
SearchBox.obj : error LNK2001: unresolved external symbol SDL_DestroyTexture
Tag.obj : error LNK2001: unresolved external symbol SDL_DestroyTexture
TextBox.obj : error LNK2001: unresolved external symbol SDL_DestroyTexture
Image.obj : error LNK2019: unresolved external symbol IMG_Load referenced in function "public: void __cdecl Image::generateFileSur(void)" (?generateFileSur@Image@@QEAAXXZ)
SettingsView.obj : error LNK2001: unresolved external symbol IMG_Load
TextBox.obj : error LNK2001: unresolved external symbol IMG_Load
RenderWindow.obj : error LNK2019: unresolved external symbol SDL_CreateWindow referenced in function "public: __cdecl RenderWindow::RenderWindow(char const *,int,int)" (??0RenderWindow@@QEAA@PEBDHH@Z)
RenderWindow.obj : error LNK2019: unresolved external symbol SDL_DestroyWindow referenced in function "public: void __cdecl RenderWindow::CleanUp(void)" (?CleanUp@RenderWindow@@QEAAXXZ)
RenderWindow.obj : error LNK2019: unresolved external symbol SDL_CreateRenderer referenced in function "public: __cdecl RenderWindow::RenderWindow(char const *,int,int)" (??0RenderWindow@@QEAA@PEBDHH@Z)
RenderWindow.obj : error LNK2019: unresolved external symbol SDL_SetRenderDrawBlendMode referenced in function "public: __cdecl RenderWindow::RenderWindow(char const *,int,int)" (??0RenderWindow@@QEAA@PEBDHH@Z)
RenderWindow.obj : error LNK2019: unresolved external symbol SDL_DestroyRenderer referenced in function "public: void __cdecl RenderWindow::CleanUp(void)" (?CleanUp@RenderWindow@@QEAAXXZ)
SettingsView.obj : error LNK2019: unresolved external symbol SDL_SetTextureAlphaMod referenced in function "public: __cdecl SettingsView::SettingsView(struct SDL_Renderer *)" (??0SettingsView@@QEAA@PEAUSDL_Renderer@@@Z)
TextBox.obj : error LNK2001: unresolved external symbol SDL_SetTextureAlphaMod
MSVCRTD.lib(exe_main.obj) : error LNK2019: unresolved external symbol main referenced in function "int __cdecl invoke_main(void)" (?invoke_main@@YAHXZ)
SDL2.lib : warning LNK4272: library machine type 'x86' conflicts with target machine type 'x64'
SDL2main.lib : warning LNK4272: library machine type 'x86' conflicts with target machine type 'x64'
SDL2_image.lib : warning LNK4272: library machine type 'x86' conflicts with target machine type 'x64'
C:\Users\Atoris\source\repos\Hydrus\x64\Debug\Hydrus.exe : fatal error LNK1120: 25 unresolved externals
