  Div.cpp
C:\Users\Atoris\source\repos\Hydrus\Hydrus\Div.cpp(37,20): warning C4018: '<': signed/unsigned mismatch
C:\Users\Atoris\source\repos\Hydrus\Hydrus\Div.cpp(135,16): warning C4244: 'initializing': conversion from 'int' to 'float', possible loss of data
  Grid.cpp
C:\Users\Atoris\source\repos\Hydrus\Hydrus\Div.cpp(179,16): warning C4244: 'initializing': conversion from 'int' to 'float', possible loss of data
C:\Users\Atoris\source\repos\Hydrus\Hydrus\Grid.cpp(31,28): warning C4018: '<': signed/unsigned mismatch
C:\Users\Atoris\source\repos\Hydrus\Hydrus\Grid.cpp(43,28): warning C4018: '<': signed/unsigned mismatch
C:\Users\Atoris\source\repos\Hydrus\Hydrus\Grid.cpp(94,18): warning C4018: '>': signed/unsigned mismatch
C:\Users\Atoris\source\repos\Hydrus\Hydrus\Grid.cpp(101,19): warning C4018: '>': signed/unsigned mismatch
C:\Users\Atoris\source\repos\Hydrus\Hydrus\Grid.cpp(125,21): warning C4244: 'initializing': conversion from 'double' to 'int', possible loss of data
C:\Users\Atoris\source\repos\Hydrus\Hydrus\Grid.cpp(186,24): warning C4244: '+=': conversion from 'float' to 'int', possible loss of data
C:\Users\Atoris\source\repos\Hydrus\Hydrus\Grid.cpp(189,24): warning C4244: '+=': conversion from 'float' to 'int', possible loss of data
C:\Users\Atoris\source\repos\Hydrus\Hydrus\Grid.cpp(191,27): warning C4244: '+=': conversion from 'float' to 'int', possible loss of data
C:\Users\Atoris\source\repos\Hydrus\Hydrus\Grid.cpp(195,20): warning C4244: 'initializing': conversion from 'double' to 'int', possible loss of data
C:\Users\Atoris\source\repos\Hydrus\Hydrus\Grid.cpp(269,42): warning C4018: '>': signed/unsigned mismatch
C:\Users\Atoris\source\repos\Hydrus\Hydrus\Grid.cpp(298,30): warning C4018: '<': signed/unsigned mismatch
C:\Users\Atoris\source\repos\Hydrus\Hydrus\Grid.cpp(326,35): warning C4018: '<': signed/unsigned mismatch
  Grid.hpp
  Hydrus.cpp
C:\Users\Atoris\source\repos\Hydrus\Hydrus\Grid.cpp(349,14): warning C4244: 'initializing': conversion from 'double' to 'int', possible loss of data
C:\Users\Atoris\source\repos\Hydrus\Hydrus\ViewImage.cpp(60,24): warning C4244: '=': conversion from 'float' to 'int', possible loss of data
  HydrusCall.cpp
C:\Users\Atoris\source\repos\Hydrus\Hydrus\ViewImage.cpp(61,26): warning C4244: '=': conversion from 'float' to 'int', possible loss of data
C:\Users\Atoris\source\repos\Hydrus\Hydrus\HydrusCall.cpp(93,6): warning C4101: 'iResult': unreferenced local variable
  Image.cpp
  LTimer.cpp
  MovableImage.cpp
  MovableRect.cpp
C:\Users\Atoris\source\repos\Hydrus\Hydrus\HydrusCall.cpp(355,20): warning C4018: '<': signed/unsigned mismatch
C:\Users\Atoris\source\repos\Hydrus\Hydrus\MovableRect.cpp(22,17): warning C4244: 'initializing': conversion from 'int' to 'float', possible loss of data
C:\Users\Atoris\source\repos\Hydrus\Hydrus\MovableRect.cpp(23,17): warning C4244: 'initializing': conversion from 'int' to 'float', possible loss of data
C:\Users\Atoris\source\repos\Hydrus\Hydrus\MovableRect.cpp(60,17): warning C4244: 'initializing': conversion from 'int' to 'float', possible loss of data
C:\Users\Atoris\source\repos\Hydrus\Hydrus\MovableRect.cpp(61,17): warning C4244: 'initializing': conversion from 'int' to 'float', possible loss of data
C:\Users\Atoris\source\repos\Hydrus\Hydrus\MovableRect.cpp(75,18): warning C4244: '+=': conversion from 'float' to 'int', possible loss of data
C:\Users\Atoris\source\repos\Hydrus\Hydrus\MovableRect.cpp(76,21): warning C4244: '+=': conversion from 'float' to 'int', possible loss of data
C:\Users\Atoris\source\repos\Hydrus\Hydrus\MovableRect.cpp(90,18): warning C4244: '+=': conversion from 'float' to 'int', possible loss of data
C:\Users\Atoris\source\repos\Hydrus\Hydrus\MovableRect.cpp(91,21): warning C4244: '+=': conversion from 'float' to 'int', possible loss of data
C:\Users\Atoris\source\repos\Hydrus\Hydrus\MovableRect.cpp(105,25): warning C4244: '+=': conversion from 'float' to 'int', possible loss of data
C:\Users\Atoris\source\repos\Hydrus\Hydrus\MovableRect.cpp(106,28): warning C4244: '+=': conversion from 'float' to 'int', possible loss of data
C:\Users\Atoris\source\repos\Hydrus\Hydrus\MovableRect.cpp(120,25): warning C4244: '+=': conversion from 'float' to 'int', possible loss of data
  NavBar.cpp
  RadioButton.cpp
  RenderWindow.cpp
  SearchBox.cpp
C:\Users\Atoris\source\repos\Hydrus\Hydrus\MovableRect.cpp(121,28): warning C4244: '+=': conversion from 'float' to 'int', possible loss of data
C:\Users\Atoris\source\repos\Hydrus\Hydrus\SearchBox.cpp(39,20): warning C4018: '<': signed/unsigned mismatch
C:\Users\Atoris\source\repos\Hydrus\Hydrus\SearchBox.cpp(55,20): warning C4018: '<': signed/unsigned mismatch
  SettingsView.cpp
C:\Users\Atoris\source\repos\Hydrus\Hydrus\SearchBox.cpp(83,20): warning C4018: '<': signed/unsigned mismatch
C:\Users\Atoris\source\repos\Hydrus\Hydrus\SettingsView.cpp(256,20): warning C4244: '+=': conversion from 'float' to 'int', possible loss of data
C:\Users\Atoris\source\repos\Hydrus\Hydrus\SettingsView.cpp(262,24): warning C4244: '+=': conversion from 'float' to 'int', possible loss of data
C:\Users\Atoris\source\repos\Hydrus\Hydrus\SettingsView.cpp(265,16): warning C4244: '+=': conversion from 'float' to 'int', possible loss of data
C:\Users\Atoris\source\repos\Hydrus\Hydrus\SettingsView.cpp(287,19): warning C4244: '+=': conversion from 'float' to 'int', possible loss of data
C:\Users\Atoris\source\repos\Hydrus\Hydrus\SettingsView.cpp(293,24): warning C4244: '+=': conversion from 'float' to 'int', possible loss of data
  Tag.cpp
  TextBox.cpp
C:\Users\Atoris\source\repos\Hydrus\Hydrus\SettingsView.cpp(295,16): warning C4244: '+=': conversion from 'float' to 'int', possible loss of data
C:\Users\Atoris\source\repos\Hydrus\Hydrus\TextBox.cpp(83,20): warning C4018: '<': signed/unsigned mismatch
C:\Users\Atoris\source\repos\Hydrus\Hydrus\TextBox.cpp(161,18): warning C4018: '<': signed/unsigned mismatch
C:\Users\Atoris\source\repos\Hydrus\Hydrus\TextBox.cpp(291,15): warning C4244: '=': conversion from 'int' to 'float', possible loss of data
C:\Users\Atoris\source\repos\Hydrus\Hydrus\TextBox.cpp(292,15): warning C4244: '=': conversion from 'int' to 'float', possible loss of data
C:\Users\Atoris\source\repos\Hydrus\Hydrus\TextBox.cpp(302,16): warning C4244: '=': conversion from 'int' to 'float', possible loss of data
C:\Users\Atoris\source\repos\Hydrus\Hydrus\TextBox.cpp(303,16): warning C4244: '=': conversion from 'int' to 'float', possible loss of data
C:\Users\Atoris\source\repos\Hydrus\Hydrus\TextBox.cpp(318,13): warning C4244: 'initializing': conversion from 'float' to 'int', possible loss of data
C:\Users\Atoris\source\repos\Hydrus\Hydrus\TextBox.cpp(323,18): warning C4244: '+=': conversion from 'float' to 'int', possible loss of data
C:\Users\Atoris\source\repos\Hydrus\Hydrus\TextBox.cpp(325,15): warning C4244: '+=': conversion from 'float' to 'int', possible loss of data
C:\Users\Atoris\source\repos\Hydrus\Hydrus\TextBox.cpp(342,18): warning C4244: '+=': conversion from 'float' to 'int', possible loss of data
  User.cpp
  Utils.cpp
C:\Users\Atoris\source\repos\Hydrus\Hydrus\TextBox.cpp(344,15): warning C4244: '+=': conversion from 'float' to 'int', possible loss of data
C:\Users\Atoris\source\repos\Hydrus\Hydrus\Utils.cpp(41,17): warning C4244: 'initializing': conversion from 'double' to 'float', possible loss of data
C:\Users\Atoris\source\repos\Hydrus\Hydrus\ViewImage.cpp(60,24): warning C4244: '=': conversion from 'float' to 'int', possible loss of data
  ViewImage.cpp
C:\Users\Atoris\source\repos\Hydrus\Hydrus\ViewImage.cpp(61,26): warning C4244: '=': conversion from 'float' to 'int', possible loss of data
C:\Users\Atoris\source\repos\Hydrus\Hydrus\ViewImage.cpp(60,24): warning C4244: '=': conversion from 'float' to 'int', possible loss of data
C:\Users\Atoris\source\repos\Hydrus\Hydrus\ViewImage.cpp(61,26): warning C4244: '=': conversion from 'float' to 'int', possible loss of data
Release\Grid.obj : warning LNK4042: object specified more than once; extras ignored
Div.obj : error LNK2001: unresolved external symbol _SDL_RenderDrawRect
Div.obj : error LNK2001: unresolved external symbol _SDL_RenderFillRect
Div.obj : error LNK2001: unresolved external symbol _SDL_SetRenderDrawColor
Grid.obj : error LNK2001: unresolved external symbol _SDL_RenderCopy
Grid.obj : error LNK2001: unresolved external symbol _SDL_QueryTexture
Hydrus.obj : error LNK2001: unresolved external symbol _SDL_RenderClear
Hydrus.obj : error LNK2001: unresolved external symbol _SDL_Init
Hydrus.obj : error LNK2001: unresolved external symbol _SDL_GetError
Hydrus.obj : error LNK2001: unresolved external symbol _SDL_Quit
Hydrus.obj : error LNK2001: unresolved external symbol _TTF_Init
Hydrus.obj : error LNK2001: unresolved external symbol _SDL_GetMouseState
Hydrus.obj : error LNK2001: unresolved external symbol _SDL_PollEvent
Hydrus.obj : error LNK2001: unresolved external symbol _SDL_GetTicks
Hydrus.obj : error LNK2001: unresolved external symbol _SDL_GetModState
Hydrus.obj : error LNK2001: unresolved external symbol _SDL_RenderPresent
Hydrus.obj : error LNK2001: unresolved external symbol _TTF_Quit
Hydrus.obj : error LNK2001: unresolved external symbol _IMG_Quit
Image.obj : error LNK2001: unresolved external symbol _SDL_DestroyTexture
Image.obj : error LNK2001: unresolved external symbol _SDL_FreeSurface
Image.obj : error LNK2001: unresolved external symbol _IMG_Load
Image.obj : error LNK2001: unresolved external symbol _SDL_CreateTextureFromSurface
MovableImage.obj : error LNK2001: unresolved external symbol _SDL_SetTextureColorMod
MovableImage.obj : error LNK2001: unresolved external symbol _SDL_SetTextureAlphaMod
RenderWindow.obj : error LNK2001: unresolved external symbol _SDL_DestroyRenderer
RenderWindow.obj : error LNK2001: unresolved external symbol _SDL_DestroyWindow
RenderWindow.obj : error LNK2001: unresolved external symbol _SDL_SetRenderDrawBlendMode
RenderWindow.obj : error LNK2001: unresolved external symbol _SDL_CreateRenderer
RenderWindow.obj : error LNK2001: unresolved external symbol _SDL_CreateWindow
Tag.obj : error LNK2001: unresolved external symbol _TTF_RenderText_Blended_Wrapped
TextBox.obj : error LNK2001: unresolved external symbol _TTF_CloseFont
TextBox.obj : error LNK2001: unresolved external symbol _TTF_OpenFont
MSVCRT.lib(exe_main.obj) : error LNK2001: unresolved external symbol _main
C:\Users\Atoris\source\repos\Hydrus\Release\Hydrus.exe : fatal error LNK1120: 32 unresolved externals
