c:\users\atoris\source\repos\hydrus\hydrus\release\vc142.pdb
c:\users\atoris\source\repos\hydrus\hydrus\release\viewimage.obj
c:\users\atoris\source\repos\hydrus\hydrus\release\utils.obj
c:\users\atoris\source\repos\hydrus\hydrus\release\user.obj
c:\users\atoris\source\repos\hydrus\hydrus\release\textbox.obj
c:\users\atoris\source\repos\hydrus\hydrus\release\tag.obj
c:\users\atoris\source\repos\hydrus\hydrus\release\settingsview.obj
c:\users\atoris\source\repos\hydrus\hydrus\release\searchbox.obj
c:\users\atoris\source\repos\hydrus\hydrus\release\renderwindow.obj
c:\users\atoris\source\repos\hydrus\hydrus\release\radiobutton.obj
c:\users\atoris\source\repos\hydrus\hydrus\release\navbar.obj
c:\users\atoris\source\repos\hydrus\hydrus\release\movablerect.obj
c:\users\atoris\source\repos\hydrus\hydrus\release\movableimage.obj
c:\users\atoris\source\repos\hydrus\hydrus\release\ltimer.obj
c:\users\atoris\source\repos\hydrus\hydrus\release\image.obj
c:\users\atoris\source\repos\hydrus\hydrus\release\hydruscall.obj
c:\users\atoris\source\repos\hydrus\hydrus\release\hydrus.obj
c:\users\atoris\source\repos\hydrus\hydrus\release\grid.obj
c:\users\atoris\source\repos\hydrus\hydrus\release\div.obj
c:\users\atoris\source\repos\hydrus\release\hydrus.ipdb
c:\users\atoris\source\repos\hydrus\release\hydrus.iobj
c:\users\atoris\source\repos\hydrus\release\hydrus.exe
c:\users\atoris\source\repos\hydrus\release\hydrus.pdb
c:\users\atoris\source\repos\hydrus\hydrus\release\hydrus.tlog\cl.command.1.tlog
c:\users\atoris\source\repos\hydrus\hydrus\release\hydrus.tlog\cl.read.1.tlog
c:\users\atoris\source\repos\hydrus\hydrus\release\hydrus.tlog\cl.write.1.tlog
c:\users\atoris\source\repos\hydrus\hydrus\release\hydrus.tlog\hydrus.write.1u.tlog
c:\users\atoris\source\repos\hydrus\hydrus\release\hydrus.tlog\link.command.1.tlog
c:\users\atoris\source\repos\hydrus\hydrus\release\hydrus.tlog\link.read.1.tlog
c:\users\atoris\source\repos\hydrus\hydrus\release\hydrus.tlog\link.write.1.tlog
